<?xml version="1.0" encoding="utf-8"?><testsuites name="pytest tests"><testsuite name="pytest" errors="0" failures="0" skipped="0" tests="14" time="0.043" timestamp="2026-08-12T12:21:02.435616-04:00" hostname="swoop"><testcase classname="scripts.tests.test_cohort_advisory_candidates" name="test_inventory_is_uncapped_alias_deduplicated_and_reachability_only" time="0.001" /><testcase classname="scripts.tests.test_cohort_advisory_candidates" name="test_inventory_identity_is_stable_under_input_order" time="0.001" /><testcase classname="scripts.tests.test_cohort_advisory_candidates" name="test_reachable_squash_carrier_expands_all_members_without_losing_carrier" time="0.000" /><testcase classname="scripts.tests.test_cohort_advisory_candidates" name="test_incomplete_history_blocks_the_fix_but_keeps_proven_positive_edges[parent_index0-root_objects_unavailable-expected_candidates0]" time="0.000" /><testcase classname="scripts.tests.test_cohort_advisory_candidates" name="test_incomplete_history_blocks_the_fix_but_keeps_proven_positive_edges[parent_index1-shallow_history_boundary-expected_candidates1]" time="0.000" /><testcase classname="scripts.tests.test_cohort_advisory_candidates" name="test_cutoff_boundary_is_complete_for_the_same_or_later_cohort_window" time="0.000" /><testcase classname="scripts.tests.test_cohort_advisory_candidates" name="test_routing_manifest_conserves_every_edge_exactly_once" time="0.000" /><testcase classname="scripts.tests.test_cohort_advisory_candidates" name="test_model_negative_means_defer_not_drop" time="0.000" /><testcase classname="scripts.tests.test_cohort_advisory_candidates" name="test_routing_rejects_unknown_model_edge_ids[promote]" time="0.000" /><testcase classname="scripts.tests.test_cohort_advisory_candidates" name="test_routing_rejects_unknown_model_edge_ids[block]" time="0.000" /><testcase classname="scripts.tests.test_cohort_advisory_candidates" name="test_routing_rejects_overlapping_dispositions" time="0.000" /><testcase classname="scripts.tests.test_cohort_advisory_candidates" name="test_unresolvable_fix_reference_is_preserved_as_blocked" time="0.000" /><testcase classname="scripts.tests.test_cohort_advisory_candidates" name="test_campaign_artifacts_conserve_resolved_and_blocked_roots_and_edges" time="0.000" /><testcase classname="scripts.tests.test_cohort_advisory_candidates" name="test_bidirectional_ledger_conserves_both_single_end_lanes" time="0.000" /></testsuite></testsuites>