<?xml version="1.0" encoding="utf-8"?><testsuites name="pytest tests"><testsuite name="pytest" errors="0" failures="0" skipped="0" tests="4" time="0.064" timestamp="2026-08-12T12:21:08.897953-04:00" hostname="swoop"><testcase classname="scripts.tests.test_build_atomic_ai_causal_ledger" name="test_review_support_is_edge_specific_and_source_distinct" time="0.000" /><testcase classname="scripts.tests.test_build_atomic_ai_causal_ledger" name="test_review_verdict_support_preserves_counterevidence" time="0.000" /><testcase classname="scripts.tests.test_build_atomic_ai_causal_ledger" name="test_explicit_ai_signals_extracts_commit_attribution" time="0.000" /><testcase classname="scripts.tests.test_build_atomic_ai_causal_ledger" name="test_accepted_edges_require_atomic_sha_fix_and_ai_binding" time="0.001" /></testsuite></testsuites>