<?xml version="1.0" encoding="utf-8"?><testsuites name="pytest tests"><testsuite name="pytest" errors="0" failures="0" skipped="0" tests="5" time="0.071" timestamp="2026-08-12T12:20:56.775372-04:00" hostname="swoop"><testcase classname="scripts.tests.test_apply_strict_causal_adjudications" name="test_causal_partition_is_exhaustive_and_disjoint" time="0.001" /><testcase classname="scripts.tests.test_apply_strict_causal_adjudications" name="test_squash_member_requires_distinct_carrier" time="0.000" /><testcase classname="scripts.tests.test_apply_strict_causal_adjudications" name="test_incomplete_hardening_is_never_a_positive_contribution_kind" time="0.000" /><testcase classname="scripts.tests.test_apply_strict_causal_adjudications" name="test_rejected_edge_is_removed_exactly_once" time="0.000" /><testcase classname="scripts.tests.test_apply_strict_causal_adjudications" name="test_first_party_alias_amendment_updates_existing_component" time="0.000" /></testsuite></testsuites>