<?xml version="1.0" encoding="utf-8"?><testsuites name="pytest tests"><testsuite name="pytest" errors="0" failures="0" skipped="0" tests="8" time="0.060" timestamp="2026-08-12T12:21:14.736167-04:00" hostname="swoop"><testcase classname="scripts.tests.test_cohort_coolify_concurrent_index_migration_transaction_contract_witness" name="test_version_predicates_separate_preexisting_ddl_from_typed_contract_break" time="0.001" /><testcase classname="scripts.tests.test_cohort_coolify_concurrent_index_migration_transaction_contract_witness" name="test_locked_framework_contract_requires_untyped_property_and_migrator_gate" time="0.000" /><testcase classname="scripts.tests.test_cohort_coolify_concurrent_index_migration_transaction_contract_witness" name="test_php_runtime_predicates_require_fatal_candidate_and_loading_repairs" time="0.000" /><testcase classname="scripts.tests.test_cohort_coolify_readonly_volume_path_normalization_witness" name="test_path_normalization_semantics_close_only_slash_drift" time="0.000" /><testcase classname="scripts.tests.test_cohort_coolify_readonly_volume_path_normalization_witness" name="test_method_contract_distinguishes_literal_and_normalized_branches" time="0.000" /><testcase classname="scripts.tests.test_cohort_coolify_readonly_volume_path_normalization_witness" name="test_test_contract_exposes_mirrored_helper_blind_spot" time="0.000" /><testcase classname="scripts.tests.test_cohort_coolify_readonly_volume_path_normalization_witness" name="test_ai_provenance_requires_scan_census_and_claude_markers" time="0.000" /><testcase classname="scripts.tests.test_cohort_coolify_readonly_volume_path_normalization_witness" name="test_single_sha_row_fails_closed_on_missing_or_duplicate_rows" time="0.000" /></testsuite></testsuites>